

Started GET "/" for ::1 at 2015-10-31 16:28:37 +0200
Processing by ApplicationController#hello as HTML
  Rendered text template (0.0ms)
Completed 200 OK in 84ms (Views: 36.0ms | ActiveRecord: 0.0ms)


Started GET "/" for 127.0.0.1 at 2015-10-31 17:30:00 +0200
Processing by ApplicationController#hello as HTML
  Rendered text template (0.0ms)
Completed 200 OK in 10ms (Views: 3.4ms | ActiveRecord: 0.0ms)


Started GET "/" for 127.0.0.1 at 2015-10-31 17:33:06 +0200
Processing by ApplicationController#hello as HTML
  Rendered text template (0.0ms)
Completed 200 OK in 11ms (Views: 3.8ms | ActiveRecord: 0.0ms)


Started GET "/" for 127.0.0.1 at 2015-10-31 17:34:01 +0200
Processing by ApplicationController#hello as HTML
  Rendered text template (0.0ms)
Completed 200 OK in 10ms (Views: 3.3ms | ActiveRecord: 0.0ms)


Started GET "/" for 127.0.0.1 at 2015-10-31 22:45:55 +0200
Processing by ApplicationController#hello as HTML
  Rendered text template (0.0ms)
Completed 200 OK in 22ms (Views: 6.7ms | ActiveRecord: 0.0ms)


Started GET "/" for 127.0.0.1 at 2015-10-31 22:47:15 +0200
Processing by ApplicationController#hello as HTML
  Rendered text template (0.0ms)
Completed 200 OK in 1ms (Views: 0.7ms | ActiveRecord: 0.0ms)


Started GET "/" for 127.0.0.1 at 2015-10-31 22:47:29 +0200
Processing by ApplicationController#hello as HTML
  Rendered text template (0.0ms)
Completed 200 OK in 1ms (Views: 0.9ms | ActiveRecord: 0.0ms)


Started GET "/" for 127.0.0.1 at 2015-10-31 22:47:38 +0200
Processing by ApplicationController#hello as HTML
  Rendered text template (0.0ms)
Completed 200 OK in 1ms (Views: 0.7ms | ActiveRecord: 0.0ms)


Started GET "/" for 127.0.0.1 at 2015-10-31 22:47:39 +0200
Processing by ApplicationController#hello as HTML
  Rendered text template (0.0ms)
Completed 200 OK in 3ms (Views: 0.7ms | ActiveRecord: 0.0ms)


Started GET "/" for 127.0.0.1 at 2015-10-31 22:47:40 +0200
Processing by ApplicationController#hello as HTML
  Rendered text template (0.0ms)
Completed 200 OK in 1ms (Views: 0.8ms | ActiveRecord: 0.0ms)


Started GET "/" for 127.0.0.1 at 2015-10-31 22:47:59 +0200
Processing by ApplicationController#hello as HTML
  Rendered text template (0.0ms)
Completed 200 OK in 2ms (Views: 1.1ms | ActiveRecord: 0.0ms)


Started GET "/" for 127.0.0.1 at 2015-10-31 22:48:13 +0200
Processing by ApplicationController#hello as HTML
  Rendered text template (0.0ms)
Completed 200 OK in 2ms (Views: 0.8ms | ActiveRecord: 0.0ms)


Started GET "/" for 127.0.0.1 at 2015-10-31 22:48:22 +0200
Processing by ApplicationController#hello as HTML
  Rendered text template (0.0ms)
Completed 200 OK in 2ms (Views: 0.8ms | ActiveRecord: 0.0ms)


Started GET "/" for 127.0.0.1 at 2015-10-31 22:49:05 +0200
Processing by ApplicationController#hello as HTML
  Rendered text template (0.0ms)
Completed 200 OK in 1ms (Views: 0.8ms | ActiveRecord: 0.0ms)


Started GET "/" for 127.0.0.1 at 2015-10-31 22:49:38 +0200
Processing by ApplicationController#hello as HTML
  Rendered text template (0.0ms)
Completed 200 OK in 1ms (Views: 0.5ms | ActiveRecord: 0.0ms)


Started GET "/" for 127.0.0.1 at 2015-10-31 22:49:56 +0200
Processing by ApplicationController#hello as HTML
  Rendered text template (0.0ms)
Completed 200 OK in 2ms (Views: 0.9ms | ActiveRecord: 0.0ms)
